[2022-03-02 23:13:34]	[done]
	build successfully !

[2022-03-02 23:26:59]	compilation failed at : "d:\.A[work]work\Pcb\ButtonAndLED\Code\main.c", exit code: 2
  at unify_builder.Program.Main (System.String[] args) [0x0187a] in <67d11e1b30504dd6babd321425698ba1>:0 
---
C51 COMPILER V9.60.0.0 - SN: K1DZC-8V7N9C
COPYRIGHT Copyright (C) 2012 - 2019 ARM Ltd and ARM Germany GmbH. All rights reserved.
*** ERROR C141 IN LINE 9 OF .\MAIN.C: syntax error near '=', expected ';'
*** ERROR C141 IN LINE 11 OF .\MAIN.C: syntax error near '=', expected ';'
C51 COMPILATION COMPLETE.  0 WARNING(S),  2 ERROR(S)

[2022-03-02 23:27:24]	compilation failed at : "d:\.A[work]work\Pcb\ButtonAndLED\Code\main.c", exit code: 2
  at unify_builder.Program.Main (System.String[] args) [0x0187a] in <67d11e1b30504dd6babd321425698ba1>:0 
---
C51 COMPILER V9.60.0.0 - SN: K1DZC-8V7N9C
COPYRIGHT Copyright (C) 2012 - 2019 ARM Ltd and ARM Germany GmbH. All rights reserved.
*** ERROR C141 IN LINE 9 OF .\MAIN.C: syntax error near '=', expected ';'
*** ERROR C141 IN LINE 11 OF .\MAIN.C: syntax error near '=', expected ';'
C51 COMPILATION COMPLETE.  0 WARNING(S),  2 ERROR(S)

[2022-03-02 23:32:36]	[done]
	build successfully !

[2022-03-02 23:33:10]	[done]
	build successfully !

[2022-03-02 23:34:15]	[done]
	build successfully !

[2022-03-02 23:35:12]	[done]
	build successfully !

[2022-03-02 23:41:09]	[done]
	build successfully !

[2022-03-02 23:42:20]	[done]
	build successfully !

[2022-03-02 23:43:04]	[done]
	build successfully !

[2022-03-02 23:43:40]	[done]
	build successfully !

[2022-03-02 23:44:58]	[done]
	build successfully !

[2022-03-02 23:45:34]	[done]
	build successfully !

[2022-03-02 23:48:58]	[done]
	build successfully !

[2022-03-02 23:49:25]	[done]
	build successfully !

